[INFO 2025-07-06 17:48:37] Workspace created at /home/ktauchathuranga/cloned/LOL2/build
[INFO 2025-07-06 17:48:37] Checking source availability...
[INFO 2025-07-06 17:48:37] Kernel source already present.
[INFO 2025-07-06 17:48:37] BusyBox source already present.
[INFO 2025-07-06 17:48:37] Building BusyBox 1.36.1...
[INFO 2025-07-06 17:48:37] Creating default BusyBox config...
[INFO 2025-07-06 17:48:41] Compiling BusyBox...
[INFO 2025-07-06 17:48:52] Installing BusyBox to initramfs...
[INFO 2025-07-06 17:48:56] BusyBox build complete.
[INFO 2025-07-06 17:48:56] Creating initramfs content...
[INFO 2025-07-06 17:48:56] Creating essential device nodes...
[INFO 2025-07-06 17:48:56] Creating init script...
[INFO 2025-07-06 17:48:56] Creating inittab...
[INFO 2025-07-06 17:48:56] Creating rcS script...
[INFO 2025-07-06 17:48:56] Creating network configuration...
[INFO 2025-07-06 17:48:56] initramfs content created.
[INFO 2025-07-06 17:48:56] Installing custom scripts...
[INFO 2025-07-06 17:48:56] Installing custom script: getadmin.sh as 'getadmin'
[INFO 2025-07-06 17:48:56] Installing custom script: putadmin.sh as 'putadmin'
[INFO 2025-07-06 17:48:56] Installed 2 custom scripts with symlinks in /bin
[INFO 2025-07-06 17:48:56] Building the Linux Kernel 6.15.3...
[INFO 2025-07-06 17:49:02] Creating new kernel config with essential features
[INFO 2025-07-06 17:49:07] Updating kernel config...
[INFO 2025-07-06 17:49:09] Compiling kernel (this might take a while)...
[INFO 2025-07-06 18:01:29] Kernel build complete.
[INFO 2025-07-06 18:01:29] Creating UEFI disk image...
[INFO 2025-07-06 18:01:29] Creating raw disk image of 512MB...
[INFO 2025-07-06 18:01:30] Partitioning disk image...
[INFO 2025-07-06 18:01:30] Setting up loopback device...
[INFO 2025-07-06 18:01:30] Formatting EFI partition...
[INFO 2025-07-06 18:01:30] Mounting EFI partition...
[INFO 2025-07-06 18:01:30] Copying kernel to EFI partition...
[INFO 2025-07-06 18:01:30] Creating UEFI startup script...
[INFO 2025-07-06 18:01:30] Unmounting EFI partition...
[INFO 2025-07-06 18:01:30] UEFI disk image created at /home/ktauchathuranga/cloned/LOL2/build/PrivilegeOS.img
[INFO 2025-07-06 18:02:08] Preparing to write to USB drive...
[INFO 2025-07-06 18:02:13] Writing image to /dev/sda...
[INFO 2025-07-06 18:02:42] Image successfully written to USB drive.
[INFO 2025-07-06 18:02:42] Done. Build complete.
[INFO 2025-07-06 18:02:42] Cleaning up...
